<?xml version="1.0" encoding="UTF-8"?>
<testng-results ignored="0" total="3" passed="3" failed="0" skipped="0">
  <reporter-output>
  </reporter-output>
  <suite started-at="2025-11-27T17:44:56 UTC" name="MyTutorial-TestNG" finished-at="2025-11-27T17:44:57 UTC" duration-ms="1044">
    <groups>
    </groups>
    <test started-at="2025-11-27T17:44:56 UTC" name="ZhamriMethods" finished-at="2025-11-27T17:44:57 UTC" duration-ms="1044">
      <class name="my.zhamri.testng.ParallelTest">
        <test-method signature="testC()[pri:0, instance:my.zhamri.testng.ParallelTest@318ba8c8]" started-at="2025-11-27T17:44:56 UTC" name="testC" finished-at="2025-11-27T17:44:57 UTC" duration-ms="1004" status="PASS">
          <reporter-output>
          </reporter-output>
        </test-method> <!-- testC -->
        <test-method signature="testA()[pri:0, instance:my.zhamri.testng.ParallelTest@318ba8c8]" started-at="2025-11-27T17:44:56 UTC" name="testA" finished-at="2025-11-27T17:44:57 UTC" duration-ms="1004" status="PASS">
          <reporter-output>
          </reporter-output>
        </test-method> <!-- testA -->
        <test-method signature="testB()[pri:0, instance:my.zhamri.testng.ParallelTest@318ba8c8]" started-at="2025-11-27T17:44:56 UTC" name="testB" finished-at="2025-11-27T17:44:57 UTC" duration-ms="1003" status="PASS">
          <reporter-output>
          </reporter-output>
        </test-method> <!-- testB -->
      </class> <!-- my.zhamri.testng.ParallelTest -->
    </test> <!-- ZhamriMethods -->
  </suite> <!-- MyTutorial-TestNG -->
</testng-results>
