<?xml version="1.0" encoding="UTF-8"?>
<!-- Generated by org.testng.reporters.JUnitReportReporter -->
<testsuite hostname="runnervmg1sw1" failures="0" tests="3" name="my.zhamri.testng.ParallelTest" time="3.011" errors="0" timestamp="2025-11-27T17:44:57 UTC" skipped="0">
  <testcase classname="my.zhamri.testng.ParallelTest" name="testB" time="1.003"/>
  <testcase classname="my.zhamri.testng.ParallelTest" name="testC" time="1.004"/>
  <testcase classname="my.zhamri.testng.ParallelTest" name="testA" time="1.004"/>
</testsuite> <!-- my.zhamri.testng.ParallelTest -->
